<?xml version="1.0" encoding="UTF-8"?>
<testng-results ignored="0" total="1" passed="1" failed="0" skipped="0">
  <reporter-output>
  </reporter-output>
  <suite started-at="2026-07-14T16:13:30 IST" name="Default suite" finished-at="2026-07-14T16:14:46 IST" duration-ms="75434">
    <groups>
    </groups>
    <test started-at="2026-07-14T16:13:30 IST" name="Default test" finished-at="2026-07-14T16:14:46 IST" duration-ms="75434">
      <class name="DesktopApplicationTests.RegressionTests">
        <test-method signature="runRegressionTestSuite()[pri:0, instance:DesktopApplicationTests.RegressionTests@397fbdb]" started-at="2026-07-14T16:13:30 IST" name="runRegressionTestSuite" finished-at="2026-07-14T16:14:46 IST" duration-ms="75401" status="PASS">
          <reporter-output>
          </reporter-output>
        </test-method> <!-- runRegressionTestSuite -->
      </class> <!-- DesktopApplicationTests.RegressionTests -->
    </test> <!-- Default test -->
  </suite> <!-- Default suite -->
</testng-results>
